<?xml version="1.0" encoding="UTF-8"?>
<testng-results ignored="0" total="1" passed="1" failed="0" skipped="0">
  <reporter-output>
  </reporter-output>
  <suite started-at="2022-10-07T10:01:16 COT" name="Suite" finished-at="2022-10-07T10:02:19 COT" duration-ms="62991">
    <groups>
    </groups>
    <test started-at="2022-10-07T10:01:16 COT" name="Test" finished-at="2022-10-07T10:02:19 COT" duration-ms="62991">
      <class name="com.testNG.RunTestNG">
        <test-method is-config="true" signature="beforeClass(java.lang.String, java.lang.String, java.lang.String, java.lang.String, java.lang.String, java.lang.String, java.lang.String, java.lang.String, java.lang.String)[pri:0, instance:com.testNG.RunTestNG@769f71a9]" started-at="2022-10-07T10:01:16 COT" name="beforeClass" finished-at="2022-10-07T10:01:16 COT" duration-ms="47" status="PASS">
          <params>
            <param index="0">
              <value>
                <![CDATA[./output/]]>
              </value>
            </param>
            <param index="1">
              <value>
                <![CDATA[./imagenes/logoCalculadora.png]]>
              </value>
            </param>
            <param index="2">
              <value>
                <![CDATA[./imagenes/LogoMercadoLibre.PNG]]>
              </value>
            </param>
            <param index="3">
              <value>
                <![CDATA[./imagenes/toolsqa2.PNG]]>
              </value>
            </param>
            <param index="4">
              <value>
                <![CDATA[Android]]>
              </value>
            </param>
            <param index="5">
              <value>
                <![CDATA[R5CR91C36ZH]]>
              </value>
            </param>
            <param index="6">
              <value>
                <![CDATA[12]]>
              </value>
            </param>
            <param index="7">
              <value>
                <![CDATA[true]]>
              </value>
            </param>
            <param index="8">
              <value>
                <![CDATA[true]]>
              </value>
            </param>
          </params>
          <reporter-output>
          </reporter-output>
        </test-method> <!-- beforeClass -->
        <test-method signature="compra(java.lang.String, java.lang.String, java.lang.String, java.lang.String, java.lang.String, java.lang.String, java.lang.String)[pri:2, instance:com.testNG.RunTestNG@769f71a9]" started-at="2022-10-07T10:01:17 COT" name="compra" data-provider="mercadoLibre" finished-at="2022-10-07T10:02:18 COT" duration-ms="60644" status="PASS">
          <params>
            <param index="0">
              <value>
                <![CDATA[Si]]>
              </value>
            </param>
            <param index="1">
              <value>
                <![CDATA[Si]]>
              </value>
            </param>
            <param index="2">
              <value>
                <![CDATA[com.android.chrome]]>
              </value>
            </param>
            <param index="3">
              <value>
                <![CDATA[com.google.android.apps.chrome.Main]]>
              </value>
            </param>
            <param index="4">
              <value>
                <![CDATA[equintero1004@gmail.com]]>
              </value>
            </param>
            <param index="5">
              <value>
                <![CDATA[Camisas]]>
              </value>
            </param>
            <param index="6">
              <value>
                <![CDATA[mercadolibre.com.co]]>
              </value>
            </param>
          </params>
          <reporter-output>
          </reporter-output>
        </test-method> <!-- compra -->
        <test-method is-config="true" signature="afterClass()[pri:0, instance:com.testNG.RunTestNG@769f71a9]" started-at="2022-10-07T10:02:18 COT" name="afterClass" finished-at="2022-10-07T10:02:19 COT" duration-ms="820" status="PASS">
          <reporter-output>
          </reporter-output>
        </test-method> <!-- afterClass -->
      </class> <!-- com.testNG.RunTestNG -->
    </test> <!-- Test -->
  </suite> <!-- Suite -->
</testng-results>
